<?xml version="1.0" encoding="UTF-8"?>
<!-- Generated by org.testng.reporters.JUnitReportReporter -->
<testsuite skipped="0" hostname="DESKTOP-SFCUNEP" name="TestingPractice.TestingPOSTPracticewithPayload2" tests="1" failures="0" timestamp="18 Apr 2020 05:11:44 GMT" time="3.337" errors="0">
  <testcase name="main" time="3.337" classname="TestingPractice.TestingPOSTPracticewithPayload2"/>
</testsuite> <!-- TestingPractice.TestingPOSTPracticewithPayload2 -->
