<?xml version="1.0" encoding="UTF-8"?>
<!-- Generated by org.testng.reporters.JUnitReportReporter -->
<testsuite skipped="0" hostname="DESKTOP-SFCUNEP" name="TestingPackage.TestingPutMethod" tests="1" failures="0" timestamp="6 Apr 2020 12:12:36 GMT" time="5.132" errors="0">
  <testcase name="putmethod" time="5.132" classname="TestingPackage.TestingPutMethod"/>
</testsuite> <!-- TestingPackage.TestingPutMethod -->
