<?xml version="1.0" encoding="UTF-8"?>
<!-- Generated by org.testng.reporters.JUnitReportReporter -->
<testsuite skipped="0" hostname="DESKTOP-SFCUNEP" name="TestingPractice2.JiraTesting" tests="1" failures="0" timestamp="19 Apr 2020 15:43:40 GMT" time="6.916" errors="0">
  <testcase name="test" time="6.916" classname="TestingPractice2.JiraTesting"/>
</testsuite> <!-- TestingPractice2.JiraTesting -->
