<?xml version="1.0" encoding="UTF-8"?>
<!-- Generated by org.testng.reporters.JUnitReportReporter -->
<testsuite skipped="0" hostname="DESKTOP-SFCUNEP" name="TestingPractice.TestingPUTPractice2" tests="1" failures="0" timestamp="18 Apr 2020 02:28:05 GMT" time="3.585" errors="0">
  <testcase name="test" time="3.585" classname="TestingPractice.TestingPUTPractice2"/>
</testsuite> <!-- TestingPractice.TestingPUTPractice2 -->
