<?xml version="1.0" encoding="UTF-8"?>
<!-- Generated by org.testng.reporters.JUnitReportReporter -->
<testsuite skipped="0" hostname="DESKTOP-SFCUNEP" name="TestingPackage.TestingPractice" tests="1" failures="0" timestamp="17 Apr 2020 13:18:40 GMT" time="6.714" errors="0">
  <testcase name="test" time="6.714" classname="TestingPackage.TestingPractice"/>
</testsuite> <!-- TestingPackage.TestingPractice -->
