<?xml version="1.0" encoding="UTF-8"?>
<!-- Generated by org.testng.reporters.JUnitReportReporter -->
<testsuite skipped="0" hostname="DESKTOP-SFCUNEP" name="TestingPractice.TestingPUTPractice" tests="1" failures="0" timestamp="18 Apr 2020 02:10:26 GMT" time="3.361" errors="0">
  <testcase name="test" time="3.361" classname="TestingPractice.TestingPUTPractice"/>
</testsuite> <!-- TestingPractice.TestingPUTPractice -->
