<?xml version="1.0" encoding="UTF-8"?>
<!-- Generated by org.testng.reporters.JUnitReportReporter -->
<testsuite skipped="0" hostname="DESKTOP-SFCUNEP" name="TestingPractice.TestingPOSTPracticewithPayload4" tests="1" failures="0" timestamp="18 Apr 2020 08:07:07 GMT" time="4.585" errors="0">
  <testcase name="main" time="4.585" classname="TestingPractice.TestingPOSTPracticewithPayload4"/>
</testsuite> <!-- TestingPractice.TestingPOSTPracticewithPayload4 -->
