<?xml version="1.0" encoding="UTF-8"?>
<!-- Generated by org.testng.reporters.JUnitReportReporter -->
<testsuite skipped="0" hostname="DESKTOP-SFCUNEP" name="TestingPractice2.Testcase1" tests="1" failures="0" timestamp="18 Apr 2020 03:02:20 GMT" time="1.307" errors="0">
  <testcase name="test" time="1.307" classname="TestingPractice2.Testcase1"/>
</testsuite> <!-- TestingPractice2.Testcase1 -->
