<?xml version="1.0" encoding="UTF-8"?>
<!-- Generated by org.testng.reporters.JUnitReportReporter -->
<testsuite skipped="0" hostname="DESKTOP-SFCUNEP" name="TestingPractice.TestingPOSTPracticewithPayload5" tests="1" failures="0" timestamp="18 Apr 2020 12:40:05 GMT" time="5.159" errors="0">
  <testcase name="main" time="5.159" classname="TestingPractice.TestingPOSTPracticewithPayload5"/>
</testsuite> <!-- TestingPractice.TestingPOSTPracticewithPayload5 -->
