<?xml version="1.0" encoding="UTF-8"?>
<!-- Generated by org.testng.reporters.JUnitReportReporter -->
<testsuite skipped="0" hostname="DESKTOP-SFCUNEP" name="TestingPackage.TestingDeletMethod" tests="1" failures="0" timestamp="7 Apr 2020 13:57:39 GMT" time="4.757" errors="0">
  <testcase name="testingdelete" time="4.757" classname="TestingPackage.TestingDeletMethod"/>
</testsuite> <!-- TestingPackage.TestingDeletMethod -->
