<?xml version="1.0" encoding="UTF-8"?>
<!-- Generated by org.testng.reporters.JUnitReportReporter -->
<testsuite skipped="0" hostname="DESKTOP-SFCUNEP" name="TestingPractice.TestingPOSTPracticewithPayload3" tests="2" failures="0" timestamp="18 Apr 2020 05:57:37 GMT" time="2.684" errors="0">
  <testcase name="main" time="0.057" classname="TestingPractice.TestingPOSTPracticewithPayload3"/>
  <testcase name="main" time="2.627" classname="TestingPractice.TestingPOSTPracticewithPayload3"/>
</testsuite> <!-- TestingPractice.TestingPOSTPracticewithPayload3 -->
