<?xml version="1.0" encoding="UTF-8"?>
<!-- Generated by org.testng.reporters.JUnitReportReporter -->
<testsuite skipped="0" hostname="DESKTOP-SFCUNEP" name="TestingPackage.TestingGetmethod" tests="1" failures="0" timestamp="7 Apr 2020 12:42:54 GMT" time="4.947" errors="0">
  <testcase name="getmethod" time="4.947" classname="TestingPackage.TestingGetmethod"/>
</testsuite> <!-- TestingPackage.TestingGetmethod -->
