<?xml version="1.0" encoding="UTF-8"?>
<!-- Generated by org.testng.reporters.JUnitReportReporter -->
<testsuite skipped="0" hostname="DESKTOP-SFCUNEP" name="TestingPackage.TestingPostPractice1" tests="1" failures="0" timestamp="17 Apr 2020 16:13:41 GMT" time="5.318" errors="0">
  <testcase name="test" time="5.318" classname="TestingPackage.TestingPostPractice1"/>
</testsuite> <!-- TestingPackage.TestingPostPractice1 -->
