<?xml version="1.0" encoding="UTF-8"?>
<!-- Generated by org.testng.reporters.JUnitReportReporter -->
<testsuite skipped="0" hostname="DESKTOP-SFCUNEP" name="TestingPractice.TestingPUTPractice3" tests="1" failures="0" timestamp="18 Apr 2020 13:53:22 GMT" time="32.722" errors="0">
  <testcase name="test" time="32.722" classname="TestingPractice.TestingPUTPractice3"/>
</testsuite> <!-- TestingPractice.TestingPUTPractice3 -->
